<?xml version="1.0" encoding="UTF-8"?>
<!-- Generated by org.testng.reporters.JUnitReportReporter -->
<testsuite hostname="srinivasr_pc" failures="0" tests="1" name="com.bb.tests.RegisterTest" time="2.072" errors="0" timestamp="12 Jan 2024 08:47:51 GMT">
  <testcase classname="com.bb.tests.RegisterTest" name="verify_the_register_functionality_By_Entering_different_password" time="2.072"/>
</testsuite> <!-- com.bb.tests.RegisterTest -->
